<?xml version="1.0" encoding="UTF-8"?>
<testng-results ignored="0" total="1" passed="1" failed="0" skipped="0">
  <reporter-output>
  </reporter-output>
  <suite started-at="2023-03-16T11:38:37 IST" name="Default suite" finished-at="2023-03-16T11:38:40 IST" duration-ms="3168">
    <groups>
    </groups>
    <test started-at="2023-03-16T11:38:37 IST" name="Default test" finished-at="2023-03-16T11:38:40 IST" duration-ms="3168">
      <class name="test.TC001_Login">
        <test-method is-config="true" signature="BM()[pri:0, instance:test.TC001_Login@31d7b7bf]" started-at="2023-03-16T11:38:37 IST" name="BM" finished-at="2023-03-16T11:38:39 IST" duration-ms="2587" status="PASS">
          <reporter-output>
          </reporter-output>
        </test-method> <!-- BM -->
        <test-method signature="tc_01()[pri:0, instance:test.TC001_Login@31d7b7bf]" started-at="2023-03-16T11:38:39 IST" name="tc_01" finished-at="2023-03-16T11:38:40 IST" duration-ms="557" status="PASS">
          <reporter-output>
          </reporter-output>
        </test-method> <!-- tc_01 -->
        <test-method is-config="true" signature="Am()[pri:0, instance:test.TC001_Login@31d7b7bf]" started-at="2023-03-16T11:38:40 IST" name="Am" finished-at="2023-03-16T11:38:40 IST" duration-ms="0" status="PASS">
          <reporter-output>
          </reporter-output>
        </test-method> <!-- Am -->
      </class> <!-- test.TC001_Login -->
    </test> <!-- Default test -->
  </suite> <!-- Default suite -->
</testng-results>
